Copyright 1986-2022 Xilinx, Inc. All Rights Reserved. Copyright 2022-2023 Advanced Micro Devices, Inc. All Rights Reserved.
---------------------------------------------------------------------------------------------------------------------------------------------
| Tool Version : Vivado v.2023.1 (win64) Build 3865809 Sun May  7 15:05:29 MDT 2023
| Date         : Sat Nov 11 01:29:40 2023
| Host         : DESKTOP-3HOO1AQ running 64-bit major release  (build 9200)
| Command      : report_control_sets -verbose -file lab6_control_sets_placed.rpt
| Design       : lab6
| Device       : xc7a35ti
---------------------------------------------------------------------------------------------------------------------------------------------

Control Set Information

Table of Contents
-----------------
1. Summary
2. Histogram
3. Flip-Flop Distribution
4. Detailed Control Set Information

1. Summary
----------

+----------------------------------------------------------+-------+
|                          Status                          | Count |
+----------------------------------------------------------+-------+
| Total control sets                                       |    35 |
|    Minimum number of control sets                        |    35 |
|    Addition due to synthesis replication                 |     0 |
|    Addition due to physical synthesis replication        |     0 |
| Unused register locations in slices containing registers |   165 |
+----------------------------------------------------------+-------+
* Control sets can be merged at opt_design using control_set_merge or merge_equivalent_drivers
** Run report_qor_suggestions for automated merging and remapping suggestions


2. Histogram
------------

+--------------------+-------+
|       Fanout       | Count |
+--------------------+-------+
| Total control sets |    35 |
| >= 0 to < 4        |    19 |
| >= 4 to < 6        |     3 |
| >= 6 to < 8        |     2 |
| >= 8 to < 10       |     4 |
| >= 10 to < 12      |     1 |
| >= 12 to < 14      |     0 |
| >= 14 to < 16      |     0 |
| >= 16              |     6 |
+--------------------+-------+
* Control sets can be remapped at either synth_design or opt_design


3. Flip-Flop Distribution
-------------------------

+--------------+-----------------------+------------------------+-----------------+--------------+
| Clock Enable | Synchronous Set/Reset | Asynchronous Set/Reset | Total Registers | Total Slices |
+--------------+-----------------------+------------------------+-----------------+--------------+
| No           | No                    | No                     |              25 |           13 |
| No           | No                    | Yes                    |               0 |            0 |
| No           | Yes                   | No                     |              58 |           19 |
| Yes          | No                    | No                     |              41 |           13 |
| Yes          | No                    | Yes                    |              39 |           22 |
| Yes          | Yes                   | No                     |              40 |           11 |
+--------------+-----------------------+------------------------+-----------------+--------------+


4. Detailed Control Set Information
-----------------------------------

+------------------------+-----------------------------------+---------------------------------+------------------+----------------+--------------+
|      Clock Signal      |           Enable Signal           |         Set/Reset Signal        | Slice Load Count | Bel Load Count | Bels / Slice |
+------------------------+-----------------------------------+---------------------------------+------------------+----------------+--------------+
|  clk_IBUF_BUFG         | num_ans[7]_i_1_n_0                | counter[7]_i_3_n_0              |                1 |              1 |         1.00 |
|  clk_IBUF_BUFG         | reset_n_IBUF                      |                                 |                1 |              1 |         1.00 |
|  clk_IBUF_BUFG         | num_ans[13]_i_1_n_0               | counter[7]_i_3_n_0              |                1 |              1 |         1.00 |
|  clk_IBUF_BUFG         | num_ans[0]_i_1_n_0                | counter[7]_i_3_n_0              |                1 |              1 |         1.00 |
|  clk_IBUF_BUFG         | num_ans[3]_i_1_n_0                | counter[7]_i_3_n_0              |                1 |              1 |         1.00 |
|  clk_IBUF_BUFG         | num_ans[8]_i_1_n_0                | counter[7]_i_3_n_0              |                1 |              1 |         1.00 |
|  clk_IBUF_BUFG         | num_ans[4]_i_1_n_0                | counter[7]_i_3_n_0              |                1 |              1 |         1.00 |
|  clk_IBUF_BUFG         | num_ans[5]_i_1_n_0                | counter[7]_i_3_n_0              |                1 |              1 |         1.00 |
|  clk_IBUF_BUFG         | num_ans[9]_i_1_n_0                | counter[7]_i_3_n_0              |                1 |              1 |         1.00 |
|  clk_IBUF_BUFG         | num_ans[2]_i_1_n_0                | counter[7]_i_3_n_0              |                1 |              1 |         1.00 |
|  clk_IBUF_BUFG         | num_ans[10]_i_1_n_0               | counter[7]_i_3_n_0              |                1 |              1 |         1.00 |
|  clk_IBUF_BUFG         | num_ans[6]_i_1_n_0                | counter[7]_i_3_n_0              |                1 |              1 |         1.00 |
|  clk_IBUF_BUFG         | num_ans[12]_i_1_n_0               | counter[7]_i_3_n_0              |                1 |              1 |         1.00 |
|  clk_IBUF_BUFG         | num_ans[14]_i_1_n_0               | counter[7]_i_3_n_0              |                1 |              1 |         1.00 |
|  clk_IBUF_BUFG         | num_ans[15]_i_1_n_0               | counter[7]_i_3_n_0              |                1 |              1 |         1.00 |
|  clk_IBUF_BUFG         | num_ans[11]_i_1_n_0               | counter[7]_i_3_n_0              |                1 |              1 |         1.00 |
|  clk_IBUF_BUFG         | num_ans[1]_i_1_n_0                | counter[7]_i_3_n_0              |                1 |              1 |         1.00 |
|  clk_IBUF_BUFG         | uart/tx_out_i_1_n_0               |                                 |                1 |              1 |         1.00 |
|  P_next_reg[2]_i_2_n_0 |                                   |                                 |                1 |              3 |         3.00 |
|  clk_IBUF_BUFG         | uart/rx_bits_remaining[3]_i_1_n_0 |                                 |                1 |              4 |         4.00 |
|  clk_IBUF_BUFG         |                                   | uart/rx_clk_divider[9]_i_1_n_0  |                2 |              5 |         2.50 |
|  clk_IBUF_BUFG         |                                   | rst0                            |                2 |              5 |         2.50 |
|  clk_IBUF_BUFG         |                                   | uart/rx_countdown[5]_i_1_n_0    |                2 |              6 |         3.00 |
|  clk_IBUF_BUFG         |                                   | uart/tx_clk_divider[10]_i_1_n_0 |                3 |              7 |         2.33 |
|  clk_IBUF_BUFG         |                                   | uart/recv_state_reg[0]_0        |                2 |              8 |         4.00 |
|  clk_IBUF_BUFG         | uart/rx_data[7]_i_1_n_0           |                                 |                4 |              8 |         2.00 |
|  clk_IBUF_BUFG         | data[100][6]_i_1_n_0              | rst0                            |                2 |              8 |         4.00 |
|  clk_IBUF_BUFG         |                                   | uart/tx_clk_divider[6]_i_1_n_0  |                3 |              9 |         3.00 |
|  clk_IBUF_BUFG         | uart/tx_bits_remaining            |                                 |                3 |             11 |         3.67 |
|  clk_IBUF_BUFG         | data[100][6]_i_1_n_0              |                                 |                3 |             16 |         5.33 |
|  clk_IBUF_BUFG         | uart/P_reg[0]_0[0]                | num2[15]_i_1_n_0                |                4 |             16 |         4.00 |
|  clk_IBUF_BUFG         | uart/E[0]                         | num2[15]_i_1_n_0                |                5 |             16 |         3.20 |
|  clk_IBUF_BUFG         |                                   | init_counter[0]_i_1_n_0         |                5 |             18 |         3.60 |
|  clk_IBUF_BUFG         |                                   |                                 |               12 |             22 |         1.83 |
|  clk_IBUF_BUFG         | counter[7]_i_1_n_0                | counter[7]_i_3_n_0              |                6 |             23 |         3.83 |
+------------------------+-----------------------------------+---------------------------------+------------------+----------------+--------------+


