Copyright 1986-2022 Xilinx, Inc. All Rights Reserved. Copyright 2022-2023 Advanced Micro Devices, Inc. All Rights Reserved.
--------------------------------------------------------------------------------------------------------------------------------------------------
| Tool Version : Vivado v.2023.1 (win64) Build 3865809 Sun May  7 15:05:29 MDT 2023
| Date         : Sat Nov 11 01:30:03 2023
| Host         : DESKTOP-3HOO1AQ running 64-bit major release  (build 9200)
| Command      : report_methodology -file lab6_methodology_drc_routed.rpt -pb lab6_methodology_drc_routed.pb -rpx lab6_methodology_drc_routed.rpx
| Design       : lab6
| Device       : xc7a35ticsg324-1L
| Speed File   : -1L
| Design State : Fully Routed
--------------------------------------------------------------------------------------------------------------------------------------------------

Report Methodology

Table of Contents
-----------------
1. REPORT SUMMARY
2. REPORT DETAILS

1. REPORT SUMMARY
-----------------
            Netlist: netlist
          Floorplan: design_1
      Design limits: <entire design considered>
             Max violations: <unlimited>
             Violations found: 8
+-----------+----------+--------------------------------+------------+
| Rule      | Severity | Description                    | Violations |
+-----------+----------+--------------------------------+------------+
| LUTAR-1   | Warning  | LUT drives async reset alert   | 1          |
| TIMING-18 | Warning  | Missing input or output delay  | 3          |
| TIMING-20 | Warning  | Non-clocked latch              | 3          |
| LATCH-1   | Advisory | Existing latches in the design | 1          |
+-----------+----------+--------------------------------+------------+

2. REPORT DETAILS
-----------------
LUTAR-1#1 Warning
LUT drives async reset alert  
LUT cell counter[7]_i_3, with 2 or more inputs, drives asynchronous preset/clear pin(s) r_reg[0]/CLR, r_reg[10]/CLR, r_reg[11]/CLR, r_reg[12]/CLR, r_reg[13]/CLR,
r_reg[14]/CLR, r_reg[1]/CLR, r_reg[2]/CLR, r_reg[3]/CLR, r_reg[4]/CLR,
r_reg[5]/CLR, r_reg[6]/CLR, r_reg[7]/CLR, r_reg[8]/CLR, r_reg[9]/CLR
 (the first 15 of 39 listed). The LUT may glitch and trigger an unexpected reset, even if it is a properly timed path.
Related violations: <none>

TIMING-18#1 Warning
Missing input or output delay  
An input delay is missing on reset_n relative to the rising and/or falling clock edge(s) of sys_clk_pin.
Related violations: <none>

TIMING-18#2 Warning
Missing input or output delay  
An input delay is missing on uart_rx relative to the rising and/or falling clock edge(s) of sys_clk_pin.
Related violations: <none>

TIMING-18#3 Warning
Missing input or output delay  
An output delay is missing on uart_tx relative to the rising and/or falling clock edge(s) of sys_clk_pin.
Related violations: <none>

TIMING-20#1 Warning
Non-clocked latch  
The latch P_next_reg[0] cannot be properly analyzed as its control pin P_next_reg[0]/G is not reached by a timing clock
Related violations: <none>

TIMING-20#2 Warning
Non-clocked latch  
The latch P_next_reg[1] cannot be properly analyzed as its control pin P_next_reg[1]/G is not reached by a timing clock
Related violations: <none>

TIMING-20#3 Warning
Non-clocked latch  
The latch P_next_reg[2] cannot be properly analyzed as its control pin P_next_reg[2]/G is not reached by a timing clock
Related violations: <none>

LATCH-1#1 Advisory
Existing latches in the design  
There are 3 latches found in the design. Inferred latches are often the result of HDL coding mistakes, such as incomplete if or case statements.
Related violations: <none>


